<?xml version="1.0" encoding="UTF-8"?>
<!-- Generated by org.testng.reporters.JUnitReportReporter -->
<testsuite hostname="LAPTOP-JQ2MJO8F" failures="0" tests="2" name="learningSelenium.MavenPractice.AppiumTesting" time="0.015" errors="0" timestamp="2021-12-14T17:09:12 GMT" skipped="0">
  <testcase classname="learningSelenium.MavenPractice.AppiumTesting" name="NativeAPPAndroid" time="0.001"/>
  <system-out/>
  <testcase classname="learningSelenium.MavenPractice.AppiumTesting" name="IOSapp" time="0.014"/>
  <system-out/>
</testsuite> <!-- learningSelenium.MavenPractice.AppiumTesting -->
