<?xml version="1.0" encoding="UTF-8"?>
<!-- Generated by org.testng.reporters.JUnitReportReporter -->
<testsuite hostname="LAPTOP-JQ2MJO8F" failures="0" tests="2" name="learningSelenium.MavenPractice.SeleniumTesting" time="0.012" errors="0" timestamp="2021-12-14T17:09:24 GMT" skipped="0">
  <testcase classname="learningSelenium.MavenPractice.SeleniumTesting" name="ElementUi" time="0.001"/>
  <system-out/>
  <testcase classname="learningSelenium.MavenPractice.SeleniumTesting" name="BrowserAutomation" time="0.011"/>
  <system-out/>
</testsuite> <!-- learningSelenium.MavenPractice.SeleniumTesting -->
