<?xml version="1.0" encoding="UTF-8"?>
<!-- Generated by org.testng.reporters.JUnitReportReporter -->
<testsuite hostname="LAPTOP-JQ2MJO8F" failures="0" tests="2" name="learningSelenium.MavenPractice.RestAPITesting" time="0.010" errors="0" timestamp="2021-12-14T17:09:29 GMT" skipped="0">
  <testcase classname="learningSelenium.MavenPractice.RestAPITesting" name="APITesting2" time="0.000"/>
  <system-out/>
  <testcase classname="learningSelenium.MavenPractice.RestAPITesting" name="APITesting1" time="0.010"/>
  <system-out/>
</testsuite> <!-- learningSelenium.MavenPractice.RestAPITesting -->
