<?xml version="1.0" encoding="UTF-8"?>
<!-- Generated by org.testng.reporters.JUnitReportReporter -->
<testsuite hostname="LAPTOP-JQ2MJO8F" failures="0" tests="2" name="learningSelenium.MavenPractice.RestAPITest" time="0.000" errors="0" timestamp="2021-12-20T15:01:15 GMT" skipped="0">
  <testcase classname="learningSelenium.MavenPractice.RestAPITest" name="APITesting1" time="0.000"/>
  <system-out/>
  <testcase classname="learningSelenium.MavenPractice.RestAPITest" name="APITesting2" time="0.000"/>
  <system-out/>
</testsuite> <!-- learningSelenium.MavenPractice.RestAPITest -->
