<?xml version="1.0" encoding="UTF-8"?>
<!-- Generated by org.testng.reporters.JUnitReportReporter -->
<testsuite hostname="LAPTOP-JQ2MJO8F" failures="0" tests="2" name="learningSelenium.MavenPractice.SeleniumTest" time="0.003" errors="0" timestamp="2021-12-20T15:02:09 GMT" skipped="0">
  <testcase classname="learningSelenium.MavenPractice.SeleniumTest" name="BrowserAutomation" time="0.003"/>
  <system-out/>
  <testcase classname="learningSelenium.MavenPractice.SeleniumTest" name="ElementUi" time="0.000"/>
  <system-out/>
</testsuite> <!-- learningSelenium.MavenPractice.SeleniumTest -->
